# JRE version: Java(TM) SE Runtime Environment (8.0_65-b17) (build 1.8.0_65-b17)
# Java VM: Java HotSpot(TM) Client VM (25.65-b01 mixed mode windows-x86 )
Heap:
 def new generation   total 27072K, used 8554K [0x03200000, 0x04f50000, 0x08750000)
  eden space 24128K,  23% used [0x03200000, 0x0377aaf0, 0x04990000)
  from space 2944K, 100% used [0x04c70000, 0x04f50000, 0x04f50000)
  to   space 2944K,   0% used [0x04990000, 0x04990000, 0x04c70000)
 tenured generation   total 59964K, used 41300K [0x08750000, 0x0c1df000, 0x13200000)
   the space 59964K,  68% used [0x08750000, 0x0afa50c0, 0x0afa5200, 0x0c1df000)
 Metaspace       used 26674K, capacity 27895K, committed 27904K, reserved 28032K
GC Heap History (10 events):
Event: 75.342 GC heap before
{Heap before GC invocations=66 (full 4):
 def new generation   total 22464K, used 20447K [0x03200000, 0x04a60000, 0x08750000)
  eden space 19968K, 100% used [0x03200000, 0x04580000, 0x04580000)
  from space 2496K,  19% used [0x047f0000, 0x04867f60, 0x04a60000)
  to   space 2496K,   0% used [0x04580000, 0x04580000, 0x047f0000)
 tenured generation   total 49784K, used 48214K [0x08750000, 0x0b7ee000, 0x13200000)
   the space 49784K,  96% used [0x08750000, 0x0b6658a8, 0x0b665a00, 0x0b7ee000)
 Metaspace       used 25720K, capacity 26802K, committed 26880K, reserved 27008K
Event: 75.352 GC heap after
Heap after GC invocations=67 (full 4):
 def new generation   total 22464K, used 2496K [0x03200000, 0x04a60000, 0x08750000)
  eden space 19968K,   0% used [0x03200000, 0x03200000, 0x04580000)
  from space 2496K, 100% used [0x04580000, 0x047f0000, 0x047f0000)
  to   space 2496K,   0% used [0x047f0000, 0x047f0000, 0x04a60000)
 tenured generation   total 49784K, used 48679K [0x08750000, 0x0b7ee000, 0x13200000)
   the space 49784K,  97% used [0x08750000, 0x0b6d9e50, 0x0b6da000, 0x0b7ee000)
 Metaspace       used 25720K, capacity 26802K, committed 26880K, reserved 27008K
}
Event: 77.631 GC heap before
{Heap before GC invocations=67 (full 4):
 def new generation   total 22464K, used 22464K [0x03200000, 0x04a60000, 0x08750000)
  eden space 19968K, 100% used [0x03200000, 0x04580000, 0x04580000)
  from space 2496K, 100% used [0x04580000, 0x047f0000, 0x047f0000)
  to   space 2496K,   0% used [0x047f0000, 0x047f0000, 0x04a60000)
 tenured generation   total 49784K, used 48679K [0x08750000, 0x0b7ee000, 0x13200000)
   the space 49784K,  97% used [0x08750000, 0x0b6d9e50, 0x0b6da000, 0x0b7ee000)
 Metaspace       used 25858K, capacity 26938K, committed 27008K, reserved 27008K
Event: 77.751 GC heap after
Heap after GC invocations=68 (full 5):
 def new generation   total 27072K, used 0K [0x03200000, 0x04f50000, 0x08750000)
  eden space 24128K,   0% used [0x03200000, 0x03200000, 0x04990000)
  from space 2944K,   0% used [0x04990000, 0x04990000, 0x04c70000)
  to   space 2944K,   0% used [0x04c70000, 0x04c70000, 0x04f50000)
 tenured generation   total 59964K, used 35976K [0x08750000, 0x0c1df000, 0x13200000)
   the space 59964K,  59% used [0x08750000, 0x0aa722c8, 0x0aa72400, 0x0c1df000)
 Metaspace       used 25858K, capacity 26938K, committed 27008K, reserved 27008K
}
Event: 78.055 GC heap before
{Heap before GC invocations=68 (full 5):
 def new generation   total 27072K, used 24128K [0x03200000, 0x04f50000, 0x08750000)
  eden space 24128K, 100% used [0x03200000, 0x04990000, 0x04990000)
  from space 2944K,   0% used [0x04990000, 0x04990000, 0x04c70000)
  to   space 2944K,   0% used [0x04c70000, 0x04c70000, 0x04f50000)
 tenured generation   total 59964K, used 35976K [0x08750000, 0x0c1df000, 0x13200000)
   the space 59964K,  59% used [0x08750000, 0x0aa722c8, 0x0aa72400, 0x0c1df000)
 Metaspace       used 25983K, capacity 27117K, committed 27136K, reserved 28032K
Event: 78.063 GC heap after
Heap after GC invocations=69 (full 5):
 def new generation   total 27072K, used 1626K [0x03200000, 0x04f50000, 0x08750000)
  eden space 24128K,   0% used [0x03200000, 0x03200000, 0x04990000)
  from space 2944K,  55% used [0x04c70000, 0x04e06ab0, 0x04f50000)
  to   space 2944K,   0% used [0x04990000, 0x04990000, 0x04c70000)
 tenured generation   total 59964K, used 35976K [0x08750000, 0x0c1df000, 0x13200000)
   the space 59964K,  59% used [0x08750000, 0x0aa722c8, 0x0aa72400, 0x0c1df000)
 Metaspace       used 25983K, capacity 27117K, committed 27136K, reserved 28032K
}
Event: 93.074 GC heap before
{Heap before GC invocations=69 (full 5):
 def new generation   total 27072K, used 25754K [0x03200000, 0x04f50000, 0x08750000)
  eden space 24128K, 100% used [0x03200000, 0x04990000, 0x04990000)
  from space 2944K,  55% used [0x04c70000, 0x04e06ab0, 0x04f50000)
  to   space 2944K,   0% used [0x04990000, 0x04990000, 0x04c70000)
 tenured generation   total 59964K, used 35976K [0x08750000, 0x0c1df000, 0x13200000)
   the space 59964K,  59% used [0x08750000, 0x0aa722c8, 0x0aa72400, 0x0c1df000)
 Metaspace       used 26640K, capacity 27858K, committed 27904K, reserved 28032K
Event: 93.088 GC heap after
Heap after GC invocations=70 (full 5):
 def new generation   total 27072K, used 2601K [0x03200000, 0x04f50000, 0x08750000)
  eden space 24128K,   0% used [0x03200000, 0x03200000, 0x04990000)
  from space 2944K,  88% used [0x04990000, 0x04c1a7b8, 0x04c70000)
  to   space 2944K,   0% used [0x04c70000, 0x04c70000, 0x04f50000)
 tenured generation   total 59964K, used 37551K [0x08750000, 0x0c1df000, 0x13200000)
   the space 59964K,  62% used [0x08750000, 0x0abfbf88, 0x0abfc000, 0x0c1df000)
 Metaspace       used 26640K, capacity 27858K, committed 27904K, reserved 28032K
}
Event: 106.470 GC heap before
{Heap before GC invocations=70 (full 5):
 def new generation   total 27072K, used 26729K [0x03200000, 0x04f50000, 0x08750000)
  eden space 24128K, 100% used [0x03200000, 0x04990000, 0x04990000)
  from space 2944K,  88% used [0x04990000, 0x04c1a7b8, 0x04c70000)
  to   space 2944K,   0% used [0x04c70000, 0x04c70000, 0x04f50000)
 tenured generation   total 59964K, used 37551K [0x08750000, 0x0c1df000, 0x13200000)
   the space 59964K,  62% used [0x08750000, 0x0abfbf88, 0x0abfc000, 0x0c1df000)
 Metaspace       used 26644K, capacity 27863K, committed 27904K, reserved 28032K
Event: 106.491 GC heap after
Heap after GC invocations=71 (full 5):
 def new generation   total 27072K, used 2944K [0x03200000, 0x04f50000, 0x08750000)
  eden space 24128K,   0% used [0x03200000, 0x03200000, 0x04990000)
  from space 2944K, 100% used [0x04c70000, 0x04f50000, 0x04f50000)
  to   space 2944K,   0% used [0x04990000, 0x04990000, 0x04c70000)
 tenured generation   total 59964K, used 41300K [0x08750000, 0x0c1df000, 0x13200000)
   the space 59964K,  68% used [0x08750000, 0x0afa50c0, 0x0afa5200, 0x0c1df000)
 Metaspace       used 26644K, capacity 27863K, committed 27904K, reserved 28032K
}

